                                      1 ;--------------------------------------------------------
                                      2 ; File Created by SDCC : free open source ISO C Compiler
                                      3 ; Version 4.5.1 #15267 (Linux)
                                      4 ;--------------------------------------------------------
                                      5 	.module letters
                                      6 	
                                      7 ;--------------------------------------------------------
                                      8 ; Public variables in this module
                                      9 ;--------------------------------------------------------
                                     10 	.globl _TileLabel
                                     11 ;--------------------------------------------------------
                                     12 ; special function registers
                                     13 ;--------------------------------------------------------
                                     14 ;--------------------------------------------------------
                                     15 ; ram data
                                     16 ;--------------------------------------------------------
                                     17 	.area _DATA
                                     18 ;--------------------------------------------------------
                                     19 ; ram data
                                     20 ;--------------------------------------------------------
                                     21 	.area _INITIALIZED
    00000000                         22 _TileLabel::
    00000000                         23 	.ds 256
                                     24 ;--------------------------------------------------------
                                     25 ; absolute external ram data
                                     26 ;--------------------------------------------------------
                                     27 	.area _DABS (ABS)
                                     28 ;--------------------------------------------------------
                                     29 ; global & static initialisations
                                     30 ;--------------------------------------------------------
                                     31 	.area _HOME
                                     32 	.area _GSINIT
                                     33 	.area _GSFINAL
                                     34 	.area _GSINIT
                                     35 ;--------------------------------------------------------
                                     36 ; Home
                                     37 ;--------------------------------------------------------
                                     38 	.area _HOME
                                     39 	.area _HOME
                                     40 ;--------------------------------------------------------
                                     41 ; code
                                     42 ;--------------------------------------------------------
                                     43 	.area _CODE
                                     44 	.area _CODE
                                     45 	.area _INITIALIZER
    00000000                         46 __xinit__TileLabel:
    00000000 00                      47 	.db #0x00	; 0
    00000001 00                      48 	.db #0x00	; 0
    00000002 00                      49 	.db #0x00	; 0
    00000003 00                      50 	.db #0x00	; 0
    00000004 00                      51 	.db #0x00	; 0
    00000005 00                      52 	.db #0x00	; 0
    00000006 00                      53 	.db #0x00	; 0
    00000007 00                      54 	.db #0x00	; 0
    00000008 00                      55 	.db #0x00	; 0
    00000009 00                      56 	.db #0x00	; 0
    0000000A 00                      57 	.db #0x00	; 0
    0000000B 00                      58 	.db #0x00	; 0
    0000000C 00                      59 	.db #0x00	; 0
    0000000D 00                      60 	.db #0x00	; 0
    0000000E 00                      61 	.db #0x00	; 0
    0000000F 00                      62 	.db #0x00	; 0
    00000010 00                      63 	.db #0x00	; 0
    00000011 00                      64 	.db #0x00	; 0
    00000012 38                      65 	.db #0x38	; 56	'8'
    00000013 38                      66 	.db #0x38	; 56	'8'
    00000014 24                      67 	.db #0x24	; 36
    00000015 24                      68 	.db #0x24	; 36
    00000016 24                      69 	.db #0x24	; 36
    00000017 24                      70 	.db #0x24	; 36
    00000018 38                      71 	.db #0x38	; 56	'8'
    00000019 38                      72 	.db #0x38	; 56	'8'
    0000001A 20                      73 	.db #0x20	; 32
    0000001B 20                      74 	.db #0x20	; 32
    0000001C 20                      75 	.db #0x20	; 32
    0000001D 20                      76 	.db #0x20	; 32
    0000001E 20                      77 	.db #0x20	; 32
    0000001F 20                      78 	.db #0x20	; 32
    00000020 00                      79 	.db #0x00	; 0
    00000021 00                      80 	.db #0x00	; 0
    00000022 38                      81 	.db #0x38	; 56	'8'
    00000023 38                      82 	.db #0x38	; 56	'8'
    00000024 24                      83 	.db #0x24	; 36
    00000025 24                      84 	.db #0x24	; 36
    00000026 38                      85 	.db #0x38	; 56	'8'
    00000027 38                      86 	.db #0x38	; 56	'8'
    00000028 30                      87 	.db #0x30	; 48	'0'
    00000029 30                      88 	.db #0x30	; 48	'0'
    0000002A 28                      89 	.db #0x28	; 40
    0000002B 28                      90 	.db #0x28	; 40
    0000002C 24                      91 	.db #0x24	; 36
    0000002D 24                      92 	.db #0x24	; 36
    0000002E 24                      93 	.db #0x24	; 36
    0000002F 24                      94 	.db #0x24	; 36
    00000030 00                      95 	.db #0x00	; 0
    00000031 00                      96 	.db #0x00	; 0
    00000032 3C                      97 	.db #0x3c	; 60
    00000033 3C                      98 	.db #0x3c	; 60
    00000034 20                      99 	.db #0x20	; 32
    00000035 20                     100 	.db #0x20	; 32
    00000036 20                     101 	.db #0x20	; 32
    00000037 20                     102 	.db #0x20	; 32
    00000038 38                     103 	.db #0x38	; 56	'8'
    00000039 38                     104 	.db #0x38	; 56	'8'
    0000003A 20                     105 	.db #0x20	; 32
    0000003B 20                     106 	.db #0x20	; 32
    0000003C 20                     107 	.db #0x20	; 32
    0000003D 20                     108 	.db #0x20	; 32
    0000003E 3C                     109 	.db #0x3c	; 60
    0000003F 3C                     110 	.db #0x3c	; 60
    00000040 00                     111 	.db #0x00	; 0
    00000041 00                     112 	.db #0x00	; 0
    00000042 18                     113 	.db #0x18	; 24
    00000043 18                     114 	.db #0x18	; 24
    00000044 24                     115 	.db #0x24	; 36
    00000045 24                     116 	.db #0x24	; 36
    00000046 20                     117 	.db #0x20	; 32
    00000047 20                     118 	.db #0x20	; 32
    00000048 3C                     119 	.db #0x3c	; 60
    00000049 3C                     120 	.db #0x3c	; 60
    0000004A 04                     121 	.db #0x04	; 4
    0000004B 04                     122 	.db #0x04	; 4
    0000004C 24                     123 	.db #0x24	; 36
    0000004D 24                     124 	.db #0x24	; 36
    0000004E 18                     125 	.db #0x18	; 24
    0000004F 18                     126 	.db #0x18	; 24
    00000050 00                     127 	.db #0x00	; 0
    00000051 00                     128 	.db #0x00	; 0
    00000052 3E                     129 	.db #0x3e	; 62
    00000053 3E                     130 	.db #0x3e	; 62
    00000054 08                     131 	.db #0x08	; 8
    00000055 08                     132 	.db #0x08	; 8
    00000056 08                     133 	.db #0x08	; 8
    00000057 08                     134 	.db #0x08	; 8
    00000058 08                     135 	.db #0x08	; 8
    00000059 08                     136 	.db #0x08	; 8
    0000005A 08                     137 	.db #0x08	; 8
    0000005B 08                     138 	.db #0x08	; 8
    0000005C 08                     139 	.db #0x08	; 8
    0000005D 08                     140 	.db #0x08	; 8
    0000005E 08                     141 	.db #0x08	; 8
    0000005F 08                     142 	.db #0x08	; 8
    00000060 00                     143 	.db #0x00	; 0
    00000061 00                     144 	.db #0x00	; 0
    00000062 18                     145 	.db #0x18	; 24
    00000063 18                     146 	.db #0x18	; 24
    00000064 24                     147 	.db #0x24	; 36
    00000065 24                     148 	.db #0x24	; 36
    00000066 24                     149 	.db #0x24	; 36
    00000067 24                     150 	.db #0x24	; 36
    00000068 3C                     151 	.db #0x3c	; 60
    00000069 3C                     152 	.db #0x3c	; 60
    0000006A 24                     153 	.db #0x24	; 36
    0000006B 24                     154 	.db #0x24	; 36
    0000006C 24                     155 	.db #0x24	; 36
    0000006D 24                     156 	.db #0x24	; 36
    0000006E 24                     157 	.db #0x24	; 36
    0000006F 24                     158 	.db #0x24	; 36
    00000070 00                     159 	.db #0x00	; 0
    00000071 00                     160 	.db #0x00	; 0
    00000072 44                     161 	.db #0x44	; 68	'D'
    00000073 44                     162 	.db #0x44	; 68	'D'
    00000074 6C                     163 	.db #0x6c	; 108	'l'
    00000075 6C                     164 	.db #0x6c	; 108	'l'
    00000076 7C                     165 	.db #0x7c	; 124
    00000077 7C                     166 	.db #0x7c	; 124
    00000078 54                     167 	.db #0x54	; 84	'T'
    00000079 54                     168 	.db #0x54	; 84	'T'
    0000007A 44                     169 	.db #0x44	; 68	'D'
    0000007B 44                     170 	.db #0x44	; 68	'D'
    0000007C 44                     171 	.db #0x44	; 68	'D'
    0000007D 44                     172 	.db #0x44	; 68	'D'
    0000007E 44                     173 	.db #0x44	; 68	'D'
    0000007F 44                     174 	.db #0x44	; 68	'D'
    00000080 00                     175 	.db #0x00	; 0
    00000081 00                     176 	.db #0x00	; 0
    00000082 24                     177 	.db #0x24	; 36
    00000083 24                     178 	.db #0x24	; 36
    00000084 34                     179 	.db #0x34	; 52	'4'
    00000085 34                     180 	.db #0x34	; 52	'4'
    00000086 34                     181 	.db #0x34	; 52	'4'
    00000087 34                     182 	.db #0x34	; 52	'4'
    00000088 2C                     183 	.db #0x2c	; 44
    00000089 2C                     184 	.db #0x2c	; 44
    0000008A 2C                     185 	.db #0x2c	; 44
    0000008B 2C                     186 	.db #0x2c	; 44
    0000008C 24                     187 	.db #0x24	; 36
    0000008D 24                     188 	.db #0x24	; 36
    0000008E 24                     189 	.db #0x24	; 36
    0000008F 24                     190 	.db #0x24	; 36
    00000090 00                     191 	.db #0x00	; 0
    00000091 00                     192 	.db #0x00	; 0
    00000092 24                     193 	.db #0x24	; 36
    00000093 24                     194 	.db #0x24	; 36
    00000094 24                     195 	.db #0x24	; 36
    00000095 24                     196 	.db #0x24	; 36
    00000096 24                     197 	.db #0x24	; 36
    00000097 24                     198 	.db #0x24	; 36
    00000098 24                     199 	.db #0x24	; 36
    00000099 24                     200 	.db #0x24	; 36
    0000009A 24                     201 	.db #0x24	; 36
    0000009B 24                     202 	.db #0x24	; 36
    0000009C 24                     203 	.db #0x24	; 36
    0000009D 24                     204 	.db #0x24	; 36
    0000009E 18                     205 	.db #0x18	; 24
    0000009F 18                     206 	.db #0x18	; 24
    000000A0 00                     207 	.db #0x00	; 0
    000000A1 00                     208 	.db #0x00	; 0
    000000A2 18                     209 	.db #0x18	; 24
    000000A3 18                     210 	.db #0x18	; 24
    000000A4 24                     211 	.db #0x24	; 36
    000000A5 24                     212 	.db #0x24	; 36
    000000A6 20                     213 	.db #0x20	; 32
    000000A7 20                     214 	.db #0x20	; 32
    000000A8 20                     215 	.db #0x20	; 32
    000000A9 20                     216 	.db #0x20	; 32
    000000AA 2C                     217 	.db #0x2c	; 44
    000000AB 2C                     218 	.db #0x2c	; 44
    000000AC 24                     219 	.db #0x24	; 36
    000000AD 24                     220 	.db #0x24	; 36
    000000AE 18                     221 	.db #0x18	; 24
    000000AF 18                     222 	.db #0x18	; 24
    000000B0 00                     223 	.db #0x00	; 0
    000000B1 00                     224 	.db #0x00	; 0
    000000B2 44                     225 	.db #0x44	; 68	'D'
    000000B3 44                     226 	.db #0x44	; 68	'D'
    000000B4 28                     227 	.db #0x28	; 40
    000000B5 28                     228 	.db #0x28	; 40
    000000B6 10                     229 	.db #0x10	; 16
    000000B7 10                     230 	.db #0x10	; 16
    000000B8 10                     231 	.db #0x10	; 16
    000000B9 10                     232 	.db #0x10	; 16
    000000BA 10                     233 	.db #0x10	; 16
    000000BB 10                     234 	.db #0x10	; 16
    000000BC 10                     235 	.db #0x10	; 16
    000000BD 10                     236 	.db #0x10	; 16
    000000BE 10                     237 	.db #0x10	; 16
    000000BF 10                     238 	.db #0x10	; 16
    000000C0 00                     239 	.db #0x00	; 0
    000000C1 00                     240 	.db #0x00	; 0
    000000C2 18                     241 	.db #0x18	; 24
    000000C3 18                     242 	.db #0x18	; 24
    000000C4 24                     243 	.db #0x24	; 36
    000000C5 24                     244 	.db #0x24	; 36
    000000C6 24                     245 	.db #0x24	; 36
    000000C7 24                     246 	.db #0x24	; 36
    000000C8 24                     247 	.db #0x24	; 36
    000000C9 24                     248 	.db #0x24	; 36
    000000CA 24                     249 	.db #0x24	; 36
    000000CB 24                     250 	.db #0x24	; 36
    000000CC 24                     251 	.db #0x24	; 36
    000000CD 24                     252 	.db #0x24	; 36
    000000CE 18                     253 	.db #0x18	; 24
    000000CF 18                     254 	.db #0x18	; 24
    000000D0 00                     255 	.db #0x00	; 0
    000000D1 00                     256 	.db #0x00	; 0
    000000D2 44                     257 	.db #0x44	; 68	'D'
    000000D3 44                     258 	.db #0x44	; 68	'D'
    000000D4 44                     259 	.db #0x44	; 68	'D'
    000000D5 44                     260 	.db #0x44	; 68	'D'
    000000D6 44                     261 	.db #0x44	; 68	'D'
    000000D7 44                     262 	.db #0x44	; 68	'D'
    000000D8 54                     263 	.db #0x54	; 84	'T'
    000000D9 54                     264 	.db #0x54	; 84	'T'
    000000DA 7C                     265 	.db #0x7c	; 124
    000000DB 7C                     266 	.db #0x7c	; 124
    000000DC 6C                     267 	.db #0x6c	; 108	'l'
    000000DD 6C                     268 	.db #0x6c	; 108	'l'
    000000DE 44                     269 	.db #0x44	; 68	'D'
    000000DF 44                     270 	.db #0x44	; 68	'D'
    000000E0 00                     271 	.db #0x00	; 0
    000000E1 00                     272 	.db #0x00	; 0
    000000E2 38                     273 	.db #0x38	; 56	'8'
    000000E3 38                     274 	.db #0x38	; 56	'8'
    000000E4 10                     275 	.db #0x10	; 16
    000000E5 10                     276 	.db #0x10	; 16
    000000E6 10                     277 	.db #0x10	; 16
    000000E7 10                     278 	.db #0x10	; 16
    000000E8 10                     279 	.db #0x10	; 16
    000000E9 10                     280 	.db #0x10	; 16
    000000EA 10                     281 	.db #0x10	; 16
    000000EB 10                     282 	.db #0x10	; 16
    000000EC 10                     283 	.db #0x10	; 16
    000000ED 10                     284 	.db #0x10	; 16
    000000EE 38                     285 	.db #0x38	; 56	'8'
    000000EF 38                     286 	.db #0x38	; 56	'8'
    000000F0 00                     287 	.db #0x00	; 0
    000000F1 00                     288 	.db #0x00	; 0
    000000F2 20                     289 	.db #0x20	; 32
    000000F3 20                     290 	.db #0x20	; 32
    000000F4 20                     291 	.db #0x20	; 32
    000000F5 20                     292 	.db #0x20	; 32
    000000F6 20                     293 	.db #0x20	; 32
    000000F7 20                     294 	.db #0x20	; 32
    000000F8 20                     295 	.db #0x20	; 32
    000000F9 20                     296 	.db #0x20	; 32
    000000FA 20                     297 	.db #0x20	; 32
    000000FB 20                     298 	.db #0x20	; 32
    000000FC 20                     299 	.db #0x20	; 32
    000000FD 20                     300 	.db #0x20	; 32
    000000FE 3C                     301 	.db #0x3c	; 60
    000000FF 3C                     302 	.db #0x3c	; 60
                                    303 	.area _CABS (ABS)
