                                      1 ;--------------------------------------------------------
                                      2 ; File Created by SDCC : free open source ISO C Compiler
                                      3 ; Version 4.5.1 #15267 (Linux)
                                      4 ;--------------------------------------------------------
                                      5 	.module sprite
                                      6 	
                                      7 ;--------------------------------------------------------
                                      8 ; Public variables in this module
                                      9 ;--------------------------------------------------------
                                     10 	.globl _star_tilemap
                                     11 	.globl _star_tileset
                                     12 	.globl _viking_tilemap
                                     13 	.globl _viking_tileset
                                     14 	.globl _sprite_tilemap
                                     15 	.globl _sprite_tileset
                                     16 ;--------------------------------------------------------
                                     17 ; special function registers
                                     18 ;--------------------------------------------------------
                                     19 ;--------------------------------------------------------
                                     20 ; ram data
                                     21 ;--------------------------------------------------------
                                     22 	.area _DATA
                                     23 ;--------------------------------------------------------
                                     24 ; ram data
                                     25 ;--------------------------------------------------------
                                     26 	.area _INITIALIZED
                                     27 ;--------------------------------------------------------
                                     28 ; absolute external ram data
                                     29 ;--------------------------------------------------------
                                     30 	.area _DABS (ABS)
                                     31 ;--------------------------------------------------------
                                     32 ; global & static initialisations
                                     33 ;--------------------------------------------------------
                                     34 	.area _HOME
                                     35 	.area _GSINIT
                                     36 	.area _GSFINAL
                                     37 	.area _GSINIT
                                     38 ;--------------------------------------------------------
                                     39 ; Home
                                     40 ;--------------------------------------------------------
                                     41 	.area _HOME
                                     42 	.area _HOME
                                     43 ;--------------------------------------------------------
                                     44 ; code
                                     45 ;--------------------------------------------------------
                                     46 	.area _CODE
                                     47 	.area _CODE
    00000000                         48 _sprite_tileset:
    00000000 00                      49 	.db #0x00	; 0
    00000001 00                      50 	.db #0x00	; 0
    00000002 00                      51 	.db #0x00	; 0
    00000003 00                      52 	.db #0x00	; 0
    00000004 00                      53 	.db #0x00	; 0
    00000005 00                      54 	.db #0x00	; 0
    00000006 00                      55 	.db #0x00	; 0
    00000007 00                      56 	.db #0x00	; 0
    00000008 00                      57 	.db #0x00	; 0
    00000009 00                      58 	.db #0x00	; 0
    0000000A 00                      59 	.db #0x00	; 0
    0000000B 00                      60 	.db #0x00	; 0
    0000000C 00                      61 	.db #0x00	; 0
    0000000D 00                      62 	.db #0x00	; 0
    0000000E 00                      63 	.db #0x00	; 0
    0000000F 00                      64 	.db #0x00	; 0
    00000010 47                      65 	.db #0x47	; 71	'G'
    00000011 47                      66 	.db #0x47	; 71	'G'
    00000012 68                      67 	.db #0x68	; 104	'h'
    00000013 6F                      68 	.db #0x6f	; 111	'o'
    00000014 30                      69 	.db #0x30	; 48	'0'
    00000015 3F                      70 	.db #0x3f	; 63
    00000016 30                      71 	.db #0x30	; 48	'0'
    00000017 3F                      72 	.db #0x3f	; 63
    00000018 60                      73 	.db #0x60	; 96
    00000019 7F                      74 	.db #0x7f	; 127
    0000001A 7F                      75 	.db #0x7f	; 127
    0000001B 7F                      76 	.db #0x7f	; 127
    0000001C 52                      77 	.db #0x52	; 82	'R'
    0000001D 52                      78 	.db #0x52	; 82	'R'
    0000001E 42                      79 	.db #0x42	; 66	'B'
    0000001F 42                      80 	.db #0x42	; 66	'B'
    00000020 E2                      81 	.db #0xe2	; 226
    00000021 E2                      82 	.db #0xe2	; 226
    00000022 16                      83 	.db #0x16	; 22
    00000023 F6                      84 	.db #0xf6	; 246
    00000024 0C                      85 	.db #0x0c	; 12
    00000025 FC                      86 	.db #0xfc	; 252
    00000026 0C                      87 	.db #0x0c	; 12
    00000027 FC                      88 	.db #0xfc	; 252
    00000028 06                      89 	.db #0x06	; 6
    00000029 FE                      90 	.db #0xfe	; 254
    0000002A FE                      91 	.db #0xfe	; 254
    0000002B FE                      92 	.db #0xfe	; 254
    0000002C 4A                      93 	.db #0x4a	; 74	'J'
    0000002D 4A                      94 	.db #0x4a	; 74	'J'
    0000002E 42                      95 	.db #0x42	; 66	'B'
    0000002F 42                      96 	.db #0x42	; 66	'B'
    00000030 30                      97 	.db #0x30	; 48	'0'
    00000031 30                      98 	.db #0x30	; 48	'0'
    00000032 18                      99 	.db #0x18	; 24
    00000033 18                     100 	.db #0x18	; 24
    00000034 33                     101 	.db #0x33	; 51	'3'
    00000035 3F                     102 	.db #0x3f	; 63
    00000036 48                     103 	.db #0x48	; 72	'H'
    00000037 4F                     104 	.db #0x4f	; 79	'O'
    00000038 48                     105 	.db #0x48	; 72	'H'
    00000039 4F                     106 	.db #0x4f	; 79	'O'
    0000003A 3F                     107 	.db #0x3f	; 63
    0000003B 3F                     108 	.db #0x3f	; 63
    0000003C 13                     109 	.db #0x13	; 19
    0000003D 1F                     110 	.db #0x1f	; 31
    0000003E 1E                     111 	.db #0x1e	; 30
    0000003F 1E                     112 	.db #0x1e	; 30
    00000040 0C                     113 	.db #0x0c	; 12
    00000041 0C                     114 	.db #0x0c	; 12
    00000042 18                     115 	.db #0x18	; 24
    00000043 18                     116 	.db #0x18	; 24
    00000044 CC                     117 	.db #0xcc	; 204
    00000045 FC                     118 	.db #0xfc	; 252
    00000046 12                     119 	.db #0x12	; 18
    00000047 F2                     120 	.db #0xf2	; 242
    00000048 12                     121 	.db #0x12	; 18
    00000049 F2                     122 	.db #0xf2	; 242
    0000004A FC                     123 	.db #0xfc	; 252
    0000004B FC                     124 	.db #0xfc	; 252
    0000004C C8                     125 	.db #0xc8	; 200
    0000004D F8                     126 	.db #0xf8	; 248
    0000004E 78                     127 	.db #0x78	; 120	'x'
    0000004F 78                     128 	.db #0x78	; 120	'x'
    00000050 00                     129 	.db #0x00	; 0
    00000051 01                     130 	.db #0x01	; 1
    00000052 01                     131 	.db #0x01	; 1
    00000053 02                     132 	.db #0x02	; 2
    00000054 01                     133 	.db #0x01	; 1
    00000055 02                     134 	.db #0x02	; 2
    00000056 03                     135 	.db #0x03	; 3
    00000057 04                     136 	.db #0x04	; 4
    00000058 03                     137 	.db #0x03	; 3
    00000059 04                     138 	.db #0x04	; 4
    0000005A 05                     139 	.db #0x05	; 5
    0000005B F8                     140 	.db #0xf8	; 248
    0000005C 7A                     141 	.db #0x7a	; 122	'z'
    0000005D 82                     142 	.db #0x82	; 130
    0000005E 3A                     143 	.db #0x3a	; 58
    0000005F 42                     144 	.db #0x42	; 66	'B'
    00000060 00                     145 	.db #0x00	; 0
    00000061 80                     146 	.db #0x80	; 128
    00000062 80                     147 	.db #0x80	; 128
    00000063 40                     148 	.db #0x40	; 64
    00000064 80                     149 	.db #0x80	; 128
    00000065 40                     150 	.db #0x40	; 64
    00000066 C0                     151 	.db #0xc0	; 192
    00000067 20                     152 	.db #0x20	; 32
    00000068 C0                     153 	.db #0xc0	; 192
    00000069 20                     154 	.db #0x20	; 32
    0000006A A0                     155 	.db #0xa0	; 160
    0000006B 1F                     156 	.db #0x1f	; 31
    0000006C 5E                     157 	.db #0x5e	; 94
    0000006D 41                     158 	.db #0x41	; 65	'A'
    0000006E 5C                     159 	.db #0x5c	; 92
    0000006F 42                     160 	.db #0x42	; 66	'B'
    00000070 1A                     161 	.db #0x1a	; 26
    00000071 22                     162 	.db #0x22	; 34
    00000072 0F                     163 	.db #0x0f	; 15
    00000073 10                     164 	.db #0x10	; 16
    00000074 0F                     165 	.db #0x0f	; 15
    00000075 12                     166 	.db #0x12	; 18
    00000076 1F                     167 	.db #0x1f	; 31
    00000077 21                     168 	.db #0x21	; 33
    00000078 1E                     169 	.db #0x1e	; 30
    00000079 21                     170 	.db #0x21	; 33
    0000007A 3C                     171 	.db #0x3c	; 60
    0000007B 42                     172 	.db #0x42	; 66	'B'
    0000007C 30                     173 	.db #0x30	; 48	'0'
    0000007D 4C                     174 	.db #0x4c	; 76	'L'
    0000007E 00                     175 	.db #0x00	; 0
    0000007F 70                     176 	.db #0x70	; 112	'p'
    00000080 58                     177 	.db #0x58	; 88	'X'
    00000081 44                     178 	.db #0x44	; 68	'D'
    00000082 F0                     179 	.db #0xf0	; 240
    00000083 08                     180 	.db #0x08	; 8
    00000084 F0                     181 	.db #0xf0	; 240
    00000085 48                     182 	.db #0x48	; 72	'H'
    00000086 F8                     183 	.db #0xf8	; 248
    00000087 84                     184 	.db #0x84	; 132
    00000088 78                     185 	.db #0x78	; 120	'x'
    00000089 84                     186 	.db #0x84	; 132
    0000008A 3C                     187 	.db #0x3c	; 60
    0000008B 42                     188 	.db #0x42	; 66	'B'
    0000008C 0C                     189 	.db #0x0c	; 12
    0000008D 32                     190 	.db #0x32	; 50	'2'
    0000008E 00                     191 	.db #0x00	; 0
    0000008F 0E                     192 	.db #0x0e	; 14
    00000090                        193 _sprite_tilemap:
    00000090 00                     194 	.db #0x00	; 0
    00000091 01                     195 	.db #0x01	; 1
    00000092 02                     196 	.db #0x02	; 2
    00000093 03                     197 	.db #0x03	; 3
    00000094 04                     198 	.db #0x04	; 4
    00000095 05                     199 	.db #0x05	; 5
    00000096 06                     200 	.db #0x06	; 6
    00000097 07                     201 	.db #0x07	; 7
    00000098                        202 _viking_tileset:
    00000098 00                     203 	.db #0x00	; 0
    00000099 00                     204 	.db #0x00	; 0
    0000009A 00                     205 	.db #0x00	; 0
    0000009B 00                     206 	.db #0x00	; 0
    0000009C 00                     207 	.db #0x00	; 0
    0000009D 00                     208 	.db #0x00	; 0
    0000009E 00                     209 	.db #0x00	; 0
    0000009F 00                     210 	.db #0x00	; 0
    000000A0 00                     211 	.db #0x00	; 0
    000000A1 00                     212 	.db #0x00	; 0
    000000A2 00                     213 	.db #0x00	; 0
    000000A3 00                     214 	.db #0x00	; 0
    000000A4 00                     215 	.db #0x00	; 0
    000000A5 00                     216 	.db #0x00	; 0
    000000A6 00                     217 	.db #0x00	; 0
    000000A7 00                     218 	.db #0x00	; 0
    000000A8 47                     219 	.db #0x47	; 71	'G'
    000000A9 47                     220 	.db #0x47	; 71	'G'
    000000AA 68                     221 	.db #0x68	; 104	'h'
    000000AB 6F                     222 	.db #0x6f	; 111	'o'
    000000AC 30                     223 	.db #0x30	; 48	'0'
    000000AD 3F                     224 	.db #0x3f	; 63
    000000AE 30                     225 	.db #0x30	; 48	'0'
    000000AF 3F                     226 	.db #0x3f	; 63
    000000B0 60                     227 	.db #0x60	; 96
    000000B1 7F                     228 	.db #0x7f	; 127
    000000B2 7F                     229 	.db #0x7f	; 127
    000000B3 7F                     230 	.db #0x7f	; 127
    000000B4 52                     231 	.db #0x52	; 82	'R'
    000000B5 52                     232 	.db #0x52	; 82	'R'
    000000B6 42                     233 	.db #0x42	; 66	'B'
    000000B7 42                     234 	.db #0x42	; 66	'B'
    000000B8 E2                     235 	.db #0xe2	; 226
    000000B9 E2                     236 	.db #0xe2	; 226
    000000BA 16                     237 	.db #0x16	; 22
    000000BB F6                     238 	.db #0xf6	; 246
    000000BC 0C                     239 	.db #0x0c	; 12
    000000BD FC                     240 	.db #0xfc	; 252
    000000BE 0C                     241 	.db #0x0c	; 12
    000000BF FC                     242 	.db #0xfc	; 252
    000000C0 06                     243 	.db #0x06	; 6
    000000C1 FE                     244 	.db #0xfe	; 254
    000000C2 FE                     245 	.db #0xfe	; 254
    000000C3 FE                     246 	.db #0xfe	; 254
    000000C4 4A                     247 	.db #0x4a	; 74	'J'
    000000C5 4A                     248 	.db #0x4a	; 74	'J'
    000000C6 42                     249 	.db #0x42	; 66	'B'
    000000C7 42                     250 	.db #0x42	; 66	'B'
    000000C8 30                     251 	.db #0x30	; 48	'0'
    000000C9 30                     252 	.db #0x30	; 48	'0'
    000000CA 18                     253 	.db #0x18	; 24
    000000CB 18                     254 	.db #0x18	; 24
    000000CC 33                     255 	.db #0x33	; 51	'3'
    000000CD 3F                     256 	.db #0x3f	; 63
    000000CE 48                     257 	.db #0x48	; 72	'H'
    000000CF 4F                     258 	.db #0x4f	; 79	'O'
    000000D0 48                     259 	.db #0x48	; 72	'H'
    000000D1 4F                     260 	.db #0x4f	; 79	'O'
    000000D2 3F                     261 	.db #0x3f	; 63
    000000D3 3F                     262 	.db #0x3f	; 63
    000000D4 13                     263 	.db #0x13	; 19
    000000D5 1F                     264 	.db #0x1f	; 31
    000000D6 1E                     265 	.db #0x1e	; 30
    000000D7 1E                     266 	.db #0x1e	; 30
    000000D8 0C                     267 	.db #0x0c	; 12
    000000D9 0C                     268 	.db #0x0c	; 12
    000000DA 18                     269 	.db #0x18	; 24
    000000DB 18                     270 	.db #0x18	; 24
    000000DC CC                     271 	.db #0xcc	; 204
    000000DD FC                     272 	.db #0xfc	; 252
    000000DE 12                     273 	.db #0x12	; 18
    000000DF F2                     274 	.db #0xf2	; 242
    000000E0 12                     275 	.db #0x12	; 18
    000000E1 F2                     276 	.db #0xf2	; 242
    000000E2 FC                     277 	.db #0xfc	; 252
    000000E3 FC                     278 	.db #0xfc	; 252
    000000E4 C8                     279 	.db #0xc8	; 200
    000000E5 F8                     280 	.db #0xf8	; 248
    000000E6 78                     281 	.db #0x78	; 120	'x'
    000000E7 78                     282 	.db #0x78	; 120	'x'
    000000E8                        283 _viking_tilemap:
    000000E8 01                     284 	.db #0x01	; 1
    000000E9 02                     285 	.db #0x02	; 2
    000000EA 03                     286 	.db #0x03	; 3
    000000EB 04                     287 	.db #0x04	; 4
    000000EC                        288 _star_tileset:
    000000EC 00                     289 	.db #0x00	; 0
    000000ED 00                     290 	.db #0x00	; 0
    000000EE 00                     291 	.db #0x00	; 0
    000000EF 00                     292 	.db #0x00	; 0
    000000F0 00                     293 	.db #0x00	; 0
    000000F1 00                     294 	.db #0x00	; 0
    000000F2 00                     295 	.db #0x00	; 0
    000000F3 00                     296 	.db #0x00	; 0
    000000F4 00                     297 	.db #0x00	; 0
    000000F5 00                     298 	.db #0x00	; 0
    000000F6 00                     299 	.db #0x00	; 0
    000000F7 00                     300 	.db #0x00	; 0
    000000F8 00                     301 	.db #0x00	; 0
    000000F9 00                     302 	.db #0x00	; 0
    000000FA 00                     303 	.db #0x00	; 0
    000000FB 00                     304 	.db #0x00	; 0
    000000FC 00                     305 	.db #0x00	; 0
    000000FD 01                     306 	.db #0x01	; 1
    000000FE 01                     307 	.db #0x01	; 1
    000000FF 02                     308 	.db #0x02	; 2
    00000100 01                     309 	.db #0x01	; 1
    00000101 02                     310 	.db #0x02	; 2
    00000102 03                     311 	.db #0x03	; 3
    00000103 04                     312 	.db #0x04	; 4
    00000104 03                     313 	.db #0x03	; 3
    00000105 04                     314 	.db #0x04	; 4
    00000106 05                     315 	.db #0x05	; 5
    00000107 F8                     316 	.db #0xf8	; 248
    00000108 7A                     317 	.db #0x7a	; 122	'z'
    00000109 82                     318 	.db #0x82	; 130
    0000010A 3A                     319 	.db #0x3a	; 58
    0000010B 42                     320 	.db #0x42	; 66	'B'
    0000010C 00                     321 	.db #0x00	; 0
    0000010D 80                     322 	.db #0x80	; 128
    0000010E 80                     323 	.db #0x80	; 128
    0000010F 40                     324 	.db #0x40	; 64
    00000110 80                     325 	.db #0x80	; 128
    00000111 40                     326 	.db #0x40	; 64
    00000112 C0                     327 	.db #0xc0	; 192
    00000113 20                     328 	.db #0x20	; 32
    00000114 C0                     329 	.db #0xc0	; 192
    00000115 20                     330 	.db #0x20	; 32
    00000116 A0                     331 	.db #0xa0	; 160
    00000117 1F                     332 	.db #0x1f	; 31
    00000118 5E                     333 	.db #0x5e	; 94
    00000119 41                     334 	.db #0x41	; 65	'A'
    0000011A 5C                     335 	.db #0x5c	; 92
    0000011B 42                     336 	.db #0x42	; 66	'B'
    0000011C 1A                     337 	.db #0x1a	; 26
    0000011D 22                     338 	.db #0x22	; 34
    0000011E 0F                     339 	.db #0x0f	; 15
    0000011F 10                     340 	.db #0x10	; 16
    00000120 0F                     341 	.db #0x0f	; 15
    00000121 12                     342 	.db #0x12	; 18
    00000122 1F                     343 	.db #0x1f	; 31
    00000123 21                     344 	.db #0x21	; 33
    00000124 1E                     345 	.db #0x1e	; 30
    00000125 21                     346 	.db #0x21	; 33
    00000126 3C                     347 	.db #0x3c	; 60
    00000127 42                     348 	.db #0x42	; 66	'B'
    00000128 30                     349 	.db #0x30	; 48	'0'
    00000129 4C                     350 	.db #0x4c	; 76	'L'
    0000012A 00                     351 	.db #0x00	; 0
    0000012B 70                     352 	.db #0x70	; 112	'p'
    0000012C 58                     353 	.db #0x58	; 88	'X'
    0000012D 44                     354 	.db #0x44	; 68	'D'
    0000012E F0                     355 	.db #0xf0	; 240
    0000012F 08                     356 	.db #0x08	; 8
    00000130 F0                     357 	.db #0xf0	; 240
    00000131 48                     358 	.db #0x48	; 72	'H'
    00000132 F8                     359 	.db #0xf8	; 248
    00000133 84                     360 	.db #0x84	; 132
    00000134 78                     361 	.db #0x78	; 120	'x'
    00000135 84                     362 	.db #0x84	; 132
    00000136 3C                     363 	.db #0x3c	; 60
    00000137 42                     364 	.db #0x42	; 66	'B'
    00000138 0C                     365 	.db #0x0c	; 12
    00000139 32                     366 	.db #0x32	; 50	'2'
    0000013A 00                     367 	.db #0x00	; 0
    0000013B 0E                     368 	.db #0x0e	; 14
    0000013C                        369 _star_tilemap:
    0000013C 01                     370 	.db #0x01	; 1
    0000013D 02                     371 	.db #0x02	; 2
    0000013E 03                     372 	.db #0x03	; 3
    0000013F 04                     373 	.db #0x04	; 4
                                    374 	.area _INITIALIZER
                                    375 	.area _CABS (ABS)
