                                      1 ;--------------------------------------------------------
                                      2 ; File Created by SDCC : free open source ISO C Compiler
                                      3 ; Version 4.5.1 #15267 (Linux)
                                      4 ;--------------------------------------------------------
                                      5 	.module tilemap
                                      6 	
                                      7 ;--------------------------------------------------------
                                      8 ; Public variables in this module
                                      9 ;--------------------------------------------------------
                                     10 	.globl _TileMap
                                     11 ;--------------------------------------------------------
                                     12 ; special function registers
                                     13 ;--------------------------------------------------------
                                     14 ;--------------------------------------------------------
                                     15 ; ram data
                                     16 ;--------------------------------------------------------
                                     17 	.area _DATA
                                     18 ;--------------------------------------------------------
                                     19 ; ram data
                                     20 ;--------------------------------------------------------
                                     21 	.area _INITIALIZED
    00000000                         22 _TileMap::
    00000000                         23 	.ds 360
                                     24 ;--------------------------------------------------------
                                     25 ; absolute external ram data
                                     26 ;--------------------------------------------------------
                                     27 	.area _DABS (ABS)
                                     28 ;--------------------------------------------------------
                                     29 ; global & static initialisations
                                     30 ;--------------------------------------------------------
                                     31 	.area _HOME
                                     32 	.area _GSINIT
                                     33 	.area _GSFINAL
                                     34 	.area _GSINIT
                                     35 ;--------------------------------------------------------
                                     36 ; Home
                                     37 ;--------------------------------------------------------
                                     38 	.area _HOME
                                     39 	.area _HOME
                                     40 ;--------------------------------------------------------
                                     41 ; code
                                     42 ;--------------------------------------------------------
                                     43 	.area _CODE
                                     44 	.area _CODE
                                     45 	.area _INITIALIZER
    00000000                         46 __xinit__TileMap:
    00000000 00                      47 	.db #0x00	; 0
    00000001 00                      48 	.db #0x00	; 0
    00000002 00                      49 	.db #0x00	; 0
    00000003 00                      50 	.db #0x00	; 0
    00000004 00                      51 	.db #0x00	; 0
    00000005 00                      52 	.db #0x00	; 0
    00000006 00                      53 	.db #0x00	; 0
    00000007 00                      54 	.db #0x00	; 0
    00000008 00                      55 	.db #0x00	; 0
    00000009 00                      56 	.db #0x00	; 0
    0000000A 00                      57 	.db #0x00	; 0
    0000000B 00                      58 	.db #0x00	; 0
    0000000C 00                      59 	.db #0x00	; 0
    0000000D 00                      60 	.db #0x00	; 0
    0000000E 00                      61 	.db #0x00	; 0
    0000000F 00                      62 	.db #0x00	; 0
    00000010 00                      63 	.db #0x00	; 0
    00000011 00                      64 	.db #0x00	; 0
    00000012 00                      65 	.db #0x00	; 0
    00000013 00                      66 	.db #0x00	; 0
    00000014 00                      67 	.db #0x00	; 0
    00000015 00                      68 	.db #0x00	; 0
    00000016 00                      69 	.db #0x00	; 0
    00000017 00                      70 	.db #0x00	; 0
    00000018 00                      71 	.db #0x00	; 0
    00000019 00                      72 	.db #0x00	; 0
    0000001A 00                      73 	.db #0x00	; 0
    0000001B 00                      74 	.db #0x00	; 0
    0000001C 00                      75 	.db #0x00	; 0
    0000001D 00                      76 	.db #0x00	; 0
    0000001E 00                      77 	.db #0x00	; 0
    0000001F 00                      78 	.db #0x00	; 0
    00000020 00                      79 	.db #0x00	; 0
    00000021 00                      80 	.db #0x00	; 0
    00000022 00                      81 	.db #0x00	; 0
    00000023 00                      82 	.db #0x00	; 0
    00000024 00                      83 	.db #0x00	; 0
    00000025 00                      84 	.db #0x00	; 0
    00000026 00                      85 	.db #0x00	; 0
    00000027 00                      86 	.db #0x00	; 0
    00000028 00                      87 	.db #0x00	; 0
    00000029 00                      88 	.db #0x00	; 0
    0000002A 00                      89 	.db #0x00	; 0
    0000002B 00                      90 	.db #0x00	; 0
    0000002C 00                      91 	.db #0x00	; 0
    0000002D 00                      92 	.db #0x00	; 0
    0000002E 00                      93 	.db #0x00	; 0
    0000002F 00                      94 	.db #0x00	; 0
    00000030 00                      95 	.db #0x00	; 0
    00000031 00                      96 	.db #0x00	; 0
    00000032 00                      97 	.db #0x00	; 0
    00000033 00                      98 	.db #0x00	; 0
    00000034 00                      99 	.db #0x00	; 0
    00000035 00                     100 	.db #0x00	; 0
    00000036 00                     101 	.db #0x00	; 0
    00000037 00                     102 	.db #0x00	; 0
    00000038 00                     103 	.db #0x00	; 0
    00000039 00                     104 	.db #0x00	; 0
    0000003A 00                     105 	.db #0x00	; 0
    0000003B 00                     106 	.db #0x00	; 0
    0000003C 00                     107 	.db #0x00	; 0
    0000003D 00                     108 	.db #0x00	; 0
    0000003E 00                     109 	.db #0x00	; 0
    0000003F 00                     110 	.db #0x00	; 0
    00000040 00                     111 	.db #0x00	; 0
    00000041 00                     112 	.db #0x00	; 0
    00000042 00                     113 	.db #0x00	; 0
    00000043 00                     114 	.db #0x00	; 0
    00000044 00                     115 	.db #0x00	; 0
    00000045 00                     116 	.db #0x00	; 0
    00000046 00                     117 	.db #0x00	; 0
    00000047 00                     118 	.db #0x00	; 0
    00000048 00                     119 	.db #0x00	; 0
    00000049 00                     120 	.db #0x00	; 0
    0000004A 00                     121 	.db #0x00	; 0
    0000004B 00                     122 	.db #0x00	; 0
    0000004C 00                     123 	.db #0x00	; 0
    0000004D 00                     124 	.db #0x00	; 0
    0000004E 00                     125 	.db #0x00	; 0
    0000004F 00                     126 	.db #0x00	; 0
    00000050 00                     127 	.db #0x00	; 0
    00000051 00                     128 	.db #0x00	; 0
    00000052 00                     129 	.db #0x00	; 0
    00000053 00                     130 	.db #0x00	; 0
    00000054 00                     131 	.db #0x00	; 0
    00000055 00                     132 	.db #0x00	; 0
    00000056 00                     133 	.db #0x00	; 0
    00000057 00                     134 	.db #0x00	; 0
    00000058 00                     135 	.db #0x00	; 0
    00000059 00                     136 	.db #0x00	; 0
    0000005A 00                     137 	.db #0x00	; 0
    0000005B 00                     138 	.db #0x00	; 0
    0000005C 00                     139 	.db #0x00	; 0
    0000005D 00                     140 	.db #0x00	; 0
    0000005E 00                     141 	.db #0x00	; 0
    0000005F 00                     142 	.db #0x00	; 0
    00000060 00                     143 	.db #0x00	; 0
    00000061 00                     144 	.db #0x00	; 0
    00000062 00                     145 	.db #0x00	; 0
    00000063 00                     146 	.db #0x00	; 0
    00000064 00                     147 	.db #0x00	; 0
    00000065 00                     148 	.db #0x00	; 0
    00000066 00                     149 	.db #0x00	; 0
    00000067 00                     150 	.db #0x00	; 0
    00000068 00                     151 	.db #0x00	; 0
    00000069 00                     152 	.db #0x00	; 0
    0000006A 00                     153 	.db #0x00	; 0
    0000006B 00                     154 	.db #0x00	; 0
    0000006C 00                     155 	.db #0x00	; 0
    0000006D 00                     156 	.db #0x00	; 0
    0000006E 00                     157 	.db #0x00	; 0
    0000006F 00                     158 	.db #0x00	; 0
    00000070 00                     159 	.db #0x00	; 0
    00000071 00                     160 	.db #0x00	; 0
    00000072 00                     161 	.db #0x00	; 0
    00000073 00                     162 	.db #0x00	; 0
    00000074 00                     163 	.db #0x00	; 0
    00000075 00                     164 	.db #0x00	; 0
    00000076 00                     165 	.db #0x00	; 0
    00000077 00                     166 	.db #0x00	; 0
    00000078 00                     167 	.db #0x00	; 0
    00000079 00                     168 	.db #0x00	; 0
    0000007A 00                     169 	.db #0x00	; 0
    0000007B 00                     170 	.db #0x00	; 0
    0000007C 00                     171 	.db #0x00	; 0
    0000007D 00                     172 	.db #0x00	; 0
    0000007E 00                     173 	.db #0x00	; 0
    0000007F 00                     174 	.db #0x00	; 0
    00000080 00                     175 	.db #0x00	; 0
    00000081 00                     176 	.db #0x00	; 0
    00000082 00                     177 	.db #0x00	; 0
    00000083 00                     178 	.db #0x00	; 0
    00000084 00                     179 	.db #0x00	; 0
    00000085 00                     180 	.db #0x00	; 0
    00000086 00                     181 	.db #0x00	; 0
    00000087 00                     182 	.db #0x00	; 0
    00000088 00                     183 	.db #0x00	; 0
    00000089 00                     184 	.db #0x00	; 0
    0000008A 00                     185 	.db #0x00	; 0
    0000008B 00                     186 	.db #0x00	; 0
    0000008C 00                     187 	.db #0x00	; 0
    0000008D 00                     188 	.db #0x00	; 0
    0000008E 00                     189 	.db #0x00	; 0
    0000008F 00                     190 	.db #0x00	; 0
    00000090 00                     191 	.db #0x00	; 0
    00000091 00                     192 	.db #0x00	; 0
    00000092 00                     193 	.db #0x00	; 0
    00000093 00                     194 	.db #0x00	; 0
    00000094 00                     195 	.db #0x00	; 0
    00000095 00                     196 	.db #0x00	; 0
    00000096 00                     197 	.db #0x00	; 0
    00000097 00                     198 	.db #0x00	; 0
    00000098 00                     199 	.db #0x00	; 0
    00000099 00                     200 	.db #0x00	; 0
    0000009A 00                     201 	.db #0x00	; 0
    0000009B 00                     202 	.db #0x00	; 0
    0000009C 00                     203 	.db #0x00	; 0
    0000009D 00                     204 	.db #0x00	; 0
    0000009E 00                     205 	.db #0x00	; 0
    0000009F 00                     206 	.db #0x00	; 0
    000000A0 00                     207 	.db #0x00	; 0
    000000A1 00                     208 	.db #0x00	; 0
    000000A2 00                     209 	.db #0x00	; 0
    000000A3 00                     210 	.db #0x00	; 0
    000000A4 00                     211 	.db #0x00	; 0
    000000A5 00                     212 	.db #0x00	; 0
    000000A6 00                     213 	.db #0x00	; 0
    000000A7 00                     214 	.db #0x00	; 0
    000000A8 00                     215 	.db #0x00	; 0
    000000A9 00                     216 	.db #0x00	; 0
    000000AA 00                     217 	.db #0x00	; 0
    000000AB 00                     218 	.db #0x00	; 0
    000000AC 00                     219 	.db #0x00	; 0
    000000AD 00                     220 	.db #0x00	; 0
    000000AE 00                     221 	.db #0x00	; 0
    000000AF 00                     222 	.db #0x00	; 0
    000000B0 00                     223 	.db #0x00	; 0
    000000B1 00                     224 	.db #0x00	; 0
    000000B2 00                     225 	.db #0x00	; 0
    000000B3 00                     226 	.db #0x00	; 0
    000000B4 00                     227 	.db #0x00	; 0
    000000B5 00                     228 	.db #0x00	; 0
    000000B6 00                     229 	.db #0x00	; 0
    000000B7 00                     230 	.db #0x00	; 0
    000000B8 00                     231 	.db #0x00	; 0
    000000B9 00                     232 	.db #0x00	; 0
    000000BA 00                     233 	.db #0x00	; 0
    000000BB 00                     234 	.db #0x00	; 0
    000000BC 00                     235 	.db #0x00	; 0
    000000BD 00                     236 	.db #0x00	; 0
    000000BE 00                     237 	.db #0x00	; 0
    000000BF 00                     238 	.db #0x00	; 0
    000000C0 00                     239 	.db #0x00	; 0
    000000C1 00                     240 	.db #0x00	; 0
    000000C2 00                     241 	.db #0x00	; 0
    000000C3 00                     242 	.db #0x00	; 0
    000000C4 00                     243 	.db #0x00	; 0
    000000C5 00                     244 	.db #0x00	; 0
    000000C6 00                     245 	.db #0x00	; 0
    000000C7 00                     246 	.db #0x00	; 0
    000000C8 00                     247 	.db #0x00	; 0
    000000C9 00                     248 	.db #0x00	; 0
    000000CA 00                     249 	.db #0x00	; 0
    000000CB 00                     250 	.db #0x00	; 0
    000000CC 00                     251 	.db #0x00	; 0
    000000CD 00                     252 	.db #0x00	; 0
    000000CE 00                     253 	.db #0x00	; 0
    000000CF 00                     254 	.db #0x00	; 0
    000000D0 00                     255 	.db #0x00	; 0
    000000D1 00                     256 	.db #0x00	; 0
    000000D2 00                     257 	.db #0x00	; 0
    000000D3 00                     258 	.db #0x00	; 0
    000000D4 00                     259 	.db #0x00	; 0
    000000D5 00                     260 	.db #0x00	; 0
    000000D6 00                     261 	.db #0x00	; 0
    000000D7 00                     262 	.db #0x00	; 0
    000000D8 00                     263 	.db #0x00	; 0
    000000D9 00                     264 	.db #0x00	; 0
    000000DA 00                     265 	.db #0x00	; 0
    000000DB 00                     266 	.db #0x00	; 0
    000000DC 00                     267 	.db #0x00	; 0
    000000DD 00                     268 	.db #0x00	; 0
    000000DE 00                     269 	.db #0x00	; 0
    000000DF 00                     270 	.db #0x00	; 0
    000000E0 00                     271 	.db #0x00	; 0
    000000E1 00                     272 	.db #0x00	; 0
    000000E2 00                     273 	.db #0x00	; 0
    000000E3 00                     274 	.db #0x00	; 0
    000000E4 00                     275 	.db #0x00	; 0
    000000E5 00                     276 	.db #0x00	; 0
    000000E6 00                     277 	.db #0x00	; 0
    000000E7 00                     278 	.db #0x00	; 0
    000000E8 00                     279 	.db #0x00	; 0
    000000E9 00                     280 	.db #0x00	; 0
    000000EA 00                     281 	.db #0x00	; 0
    000000EB 00                     282 	.db #0x00	; 0
    000000EC 00                     283 	.db #0x00	; 0
    000000ED 00                     284 	.db #0x00	; 0
    000000EE 00                     285 	.db #0x00	; 0
    000000EF 00                     286 	.db #0x00	; 0
    000000F0 00                     287 	.db #0x00	; 0
    000000F1 00                     288 	.db #0x00	; 0
    000000F2 00                     289 	.db #0x00	; 0
    000000F3 00                     290 	.db #0x00	; 0
    000000F4 00                     291 	.db #0x00	; 0
    000000F5 00                     292 	.db #0x00	; 0
    000000F6 00                     293 	.db #0x00	; 0
    000000F7 00                     294 	.db #0x00	; 0
    000000F8 00                     295 	.db #0x00	; 0
    000000F9 00                     296 	.db #0x00	; 0
    000000FA 00                     297 	.db #0x00	; 0
    000000FB 00                     298 	.db #0x00	; 0
    000000FC 00                     299 	.db #0x00	; 0
    000000FD 00                     300 	.db #0x00	; 0
    000000FE 00                     301 	.db #0x00	; 0
    000000FF 00                     302 	.db #0x00	; 0
    00000100 00                     303 	.db #0x00	; 0
    00000101 00                     304 	.db #0x00	; 0
    00000102 00                     305 	.db #0x00	; 0
    00000103 00                     306 	.db #0x00	; 0
    00000104 00                     307 	.db #0x00	; 0
    00000105 00                     308 	.db #0x00	; 0
    00000106 00                     309 	.db #0x00	; 0
    00000107 00                     310 	.db #0x00	; 0
    00000108 00                     311 	.db #0x00	; 0
    00000109 00                     312 	.db #0x00	; 0
    0000010A 00                     313 	.db #0x00	; 0
    0000010B 00                     314 	.db #0x00	; 0
    0000010C 00                     315 	.db #0x00	; 0
    0000010D 00                     316 	.db #0x00	; 0
    0000010E 00                     317 	.db #0x00	; 0
    0000010F 00                     318 	.db #0x00	; 0
    00000110 00                     319 	.db #0x00	; 0
    00000111 00                     320 	.db #0x00	; 0
    00000112 00                     321 	.db #0x00	; 0
    00000113 00                     322 	.db #0x00	; 0
    00000114 00                     323 	.db #0x00	; 0
    00000115 00                     324 	.db #0x00	; 0
    00000116 00                     325 	.db #0x00	; 0
    00000117 00                     326 	.db #0x00	; 0
    00000118 00                     327 	.db #0x00	; 0
    00000119 00                     328 	.db #0x00	; 0
    0000011A 05                     329 	.db #0x05	; 5
    0000011B 01                     330 	.db #0x01	; 1
    0000011C 01                     331 	.db #0x01	; 1
    0000011D 01                     332 	.db #0x01	; 1
    0000011E 01                     333 	.db #0x01	; 1
    0000011F 01                     334 	.db #0x01	; 1
    00000120 01                     335 	.db #0x01	; 1
    00000121 01                     336 	.db #0x01	; 1
    00000122 01                     337 	.db #0x01	; 1
    00000123 01                     338 	.db #0x01	; 1
    00000124 01                     339 	.db #0x01	; 1
    00000125 01                     340 	.db #0x01	; 1
    00000126 01                     341 	.db #0x01	; 1
    00000127 01                     342 	.db #0x01	; 1
    00000128 01                     343 	.db #0x01	; 1
    00000129 03                     344 	.db #0x03	; 3
    0000012A 00                     345 	.db #0x00	; 0
    0000012B 00                     346 	.db #0x00	; 0
    0000012C 00                     347 	.db #0x00	; 0
    0000012D 00                     348 	.db #0x00	; 0
    0000012E 04                     349 	.db #0x04	; 4
    0000012F 06                     350 	.db #0x06	; 6
    00000130 06                     351 	.db #0x06	; 6
    00000131 06                     352 	.db #0x06	; 6
    00000132 06                     353 	.db #0x06	; 6
    00000133 06                     354 	.db #0x06	; 6
    00000134 06                     355 	.db #0x06	; 6
    00000135 06                     356 	.db #0x06	; 6
    00000136 06                     357 	.db #0x06	; 6
    00000137 06                     358 	.db #0x06	; 6
    00000138 06                     359 	.db #0x06	; 6
    00000139 06                     360 	.db #0x06	; 6
    0000013A 06                     361 	.db #0x06	; 6
    0000013B 06                     362 	.db #0x06	; 6
    0000013C 06                     363 	.db #0x06	; 6
    0000013D 02                     364 	.db #0x02	; 2
    0000013E 00                     365 	.db #0x00	; 0
    0000013F 00                     366 	.db #0x00	; 0
    00000140 00                     367 	.db #0x00	; 0
    00000141 00                     368 	.db #0x00	; 0
    00000142 04                     369 	.db #0x04	; 4
    00000143 06                     370 	.db #0x06	; 6
    00000144 06                     371 	.db #0x06	; 6
    00000145 06                     372 	.db #0x06	; 6
    00000146 06                     373 	.db #0x06	; 6
    00000147 06                     374 	.db #0x06	; 6
    00000148 06                     375 	.db #0x06	; 6
    00000149 06                     376 	.db #0x06	; 6
    0000014A 06                     377 	.db #0x06	; 6
    0000014B 06                     378 	.db #0x06	; 6
    0000014C 06                     379 	.db #0x06	; 6
    0000014D 06                     380 	.db #0x06	; 6
    0000014E 06                     381 	.db #0x06	; 6
    0000014F 06                     382 	.db #0x06	; 6
    00000150 06                     383 	.db #0x06	; 6
    00000151 02                     384 	.db #0x02	; 2
    00000152 00                     385 	.db #0x00	; 0
    00000153 00                     386 	.db #0x00	; 0
    00000154 00                     387 	.db #0x00	; 0
    00000155 00                     388 	.db #0x00	; 0
    00000156 04                     389 	.db #0x04	; 4
    00000157 06                     390 	.db #0x06	; 6
    00000158 06                     391 	.db #0x06	; 6
    00000159 06                     392 	.db #0x06	; 6
    0000015A 06                     393 	.db #0x06	; 6
    0000015B 06                     394 	.db #0x06	; 6
    0000015C 06                     395 	.db #0x06	; 6
    0000015D 06                     396 	.db #0x06	; 6
    0000015E 06                     397 	.db #0x06	; 6
    0000015F 06                     398 	.db #0x06	; 6
    00000160 06                     399 	.db #0x06	; 6
    00000161 06                     400 	.db #0x06	; 6
    00000162 06                     401 	.db #0x06	; 6
    00000163 06                     402 	.db #0x06	; 6
    00000164 06                     403 	.db #0x06	; 6
    00000165 02                     404 	.db #0x02	; 2
    00000166 00                     405 	.db #0x00	; 0
    00000167 00                     406 	.db #0x00	; 0
                                    407 	.area _CABS (ABS)
