                                      1 ;--------------------------------------------------------
                                      2 ; File Created by SDCC : free open source ISO C Compiler
                                      3 ; Version 4.5.1 #15267 (Linux)
                                      4 ;--------------------------------------------------------
                                      5 	.module tiles
                                      6 	
                                      7 ;--------------------------------------------------------
                                      8 ; Public variables in this module
                                      9 ;--------------------------------------------------------
                                     10 	.globl _Tiles
                                     11 ;--------------------------------------------------------
                                     12 ; special function registers
                                     13 ;--------------------------------------------------------
                                     14 ;--------------------------------------------------------
                                     15 ; ram data
                                     16 ;--------------------------------------------------------
                                     17 	.area _DATA
                                     18 ;--------------------------------------------------------
                                     19 ; ram data
                                     20 ;--------------------------------------------------------
                                     21 	.area _INITIALIZED
    00000000                         22 _Tiles::
    00000000                         23 	.ds 112
                                     24 ;--------------------------------------------------------
                                     25 ; absolute external ram data
                                     26 ;--------------------------------------------------------
                                     27 	.area _DABS (ABS)
                                     28 ;--------------------------------------------------------
                                     29 ; global & static initialisations
                                     30 ;--------------------------------------------------------
                                     31 	.area _HOME
                                     32 	.area _GSINIT
                                     33 	.area _GSFINAL
                                     34 	.area _GSINIT
                                     35 ;--------------------------------------------------------
                                     36 ; Home
                                     37 ;--------------------------------------------------------
                                     38 	.area _HOME
                                     39 	.area _HOME
                                     40 ;--------------------------------------------------------
                                     41 ; code
                                     42 ;--------------------------------------------------------
                                     43 	.area _CODE
                                     44 	.area _CODE
                                     45 	.area _INITIALIZER
    00000000                         46 __xinit__Tiles:
    00000000 00                      47 	.db #0x00	; 0
    00000001 00                      48 	.db #0x00	; 0
    00000002 00                      49 	.db #0x00	; 0
    00000003 00                      50 	.db #0x00	; 0
    00000004 00                      51 	.db #0x00	; 0
    00000005 00                      52 	.db #0x00	; 0
    00000006 00                      53 	.db #0x00	; 0
    00000007 00                      54 	.db #0x00	; 0
    00000008 00                      55 	.db #0x00	; 0
    00000009 00                      56 	.db #0x00	; 0
    0000000A 00                      57 	.db #0x00	; 0
    0000000B 00                      58 	.db #0x00	; 0
    0000000C 00                      59 	.db #0x00	; 0
    0000000D 00                      60 	.db #0x00	; 0
    0000000E 00                      61 	.db #0x00	; 0
    0000000F 00                      62 	.db #0x00	; 0
    00000010 00                      63 	.db #0x00	; 0
    00000011 FF                      64 	.db #0xff	; 255
    00000012 00                      65 	.db #0x00	; 0
    00000013 00                      66 	.db #0x00	; 0
    00000014 40                      67 	.db #0x40	; 64
    00000015 00                      68 	.db #0x00	; 0
    00000016 08                      69 	.db #0x08	; 8
    00000017 00                      70 	.db #0x00	; 0
    00000018 00                      71 	.db #0x00	; 0
    00000019 00                      72 	.db #0x00	; 0
    0000001A 04                      73 	.db #0x04	; 4
    0000001B 00                      74 	.db #0x00	; 0
    0000001C 20                      75 	.db #0x20	; 32
    0000001D 00                      76 	.db #0x00	; 0
    0000001E 00                      77 	.db #0x00	; 0
    0000001F 00                      78 	.db #0x00	; 0
    00000020 00                      79 	.db #0x00	; 0
    00000021 01                      80 	.db #0x01	; 1
    00000022 00                      81 	.db #0x00	; 0
    00000023 01                      82 	.db #0x01	; 1
    00000024 40                      83 	.db #0x40	; 64
    00000025 01                      84 	.db #0x01	; 1
    00000026 08                      85 	.db #0x08	; 8
    00000027 01                      86 	.db #0x01	; 1
    00000028 00                      87 	.db #0x00	; 0
    00000029 01                      88 	.db #0x01	; 1
    0000002A 04                      89 	.db #0x04	; 4
    0000002B 01                      90 	.db #0x01	; 1
    0000002C 20                      91 	.db #0x20	; 32
    0000002D 01                      92 	.db #0x01	; 1
    0000002E 00                      93 	.db #0x00	; 0
    0000002F 01                      94 	.db #0x01	; 1
    00000030 00                      95 	.db #0x00	; 0
    00000031 FF                      96 	.db #0xff	; 255
    00000032 00                      97 	.db #0x00	; 0
    00000033 01                      98 	.db #0x01	; 1
    00000034 40                      99 	.db #0x40	; 64
    00000035 01                     100 	.db #0x01	; 1
    00000036 08                     101 	.db #0x08	; 8
    00000037 01                     102 	.db #0x01	; 1
    00000038 00                     103 	.db #0x00	; 0
    00000039 01                     104 	.db #0x01	; 1
    0000003A 04                     105 	.db #0x04	; 4
    0000003B 01                     106 	.db #0x01	; 1
    0000003C 20                     107 	.db #0x20	; 32
    0000003D 01                     108 	.db #0x01	; 1
    0000003E 00                     109 	.db #0x00	; 0
    0000003F 01                     110 	.db #0x01	; 1
    00000040 00                     111 	.db #0x00	; 0
    00000041 80                     112 	.db #0x80	; 128
    00000042 00                     113 	.db #0x00	; 0
    00000043 80                     114 	.db #0x80	; 128
    00000044 40                     115 	.db #0x40	; 64
    00000045 80                     116 	.db #0x80	; 128
    00000046 08                     117 	.db #0x08	; 8
    00000047 80                     118 	.db #0x80	; 128
    00000048 00                     119 	.db #0x00	; 0
    00000049 80                     120 	.db #0x80	; 128
    0000004A 04                     121 	.db #0x04	; 4
    0000004B 80                     122 	.db #0x80	; 128
    0000004C 20                     123 	.db #0x20	; 32
    0000004D 80                     124 	.db #0x80	; 128
    0000004E 00                     125 	.db #0x00	; 0
    0000004F 80                     126 	.db #0x80	; 128
    00000050 00                     127 	.db #0x00	; 0
    00000051 FF                     128 	.db #0xff	; 255
    00000052 00                     129 	.db #0x00	; 0
    00000053 80                     130 	.db #0x80	; 128
    00000054 40                     131 	.db #0x40	; 64
    00000055 80                     132 	.db #0x80	; 128
    00000056 08                     133 	.db #0x08	; 8
    00000057 80                     134 	.db #0x80	; 128
    00000058 00                     135 	.db #0x00	; 0
    00000059 80                     136 	.db #0x80	; 128
    0000005A 04                     137 	.db #0x04	; 4
    0000005B 80                     138 	.db #0x80	; 128
    0000005C 20                     139 	.db #0x20	; 32
    0000005D 80                     140 	.db #0x80	; 128
    0000005E 00                     141 	.db #0x00	; 0
    0000005F 80                     142 	.db #0x80	; 128
    00000060 00                     143 	.db #0x00	; 0
    00000061 00                     144 	.db #0x00	; 0
    00000062 00                     145 	.db #0x00	; 0
    00000063 00                     146 	.db #0x00	; 0
    00000064 40                     147 	.db #0x40	; 64
    00000065 00                     148 	.db #0x00	; 0
    00000066 08                     149 	.db #0x08	; 8
    00000067 00                     150 	.db #0x00	; 0
    00000068 00                     151 	.db #0x00	; 0
    00000069 00                     152 	.db #0x00	; 0
    0000006A 04                     153 	.db #0x04	; 4
    0000006B 00                     154 	.db #0x00	; 0
    0000006C 20                     155 	.db #0x20	; 32
    0000006D 00                     156 	.db #0x00	; 0
    0000006E 00                     157 	.db #0x00	; 0
    0000006F 00                     158 	.db #0x00	; 0
                                    159 	.area _CABS (ABS)
